<?xml version="1.0" encoding="UTF-8"?>
<testng-results ignored="0" total="1" passed="1" failed="0" skipped="0">
  <reporter-output>
  </reporter-output>
  <suite started-at="2025-03-06T02:49:46 PKT" name="Default suite" finished-at="2025-03-06T02:49:59 PKT" duration-ms="12870">
    <groups>
    </groups>
    <test started-at="2025-03-06T02:49:46 PKT" name="Default test" finished-at="2025-03-06T02:49:59 PKT" duration-ms="12870">
      <class name="Tests.WaitsTests">
        <test-method signature="TestWaitToElementVisisble()[pri:0, instance:Tests.WaitsTests@385c9627]" started-at="2025-03-06T02:49:46 PKT" name="TestWaitToElementVisisble" finished-at="2025-03-06T02:49:59 PKT" duration-ms="12744" status="PASS">
          <reporter-output>
          </reporter-output>
        </test-method> <!-- TestWaitToElementVisisble -->
      </class> <!-- Tests.WaitsTests -->
    </test> <!-- Default test -->
  </suite> <!-- Default suite -->
</testng-results>
